# JRE version: Java(TM) SE Runtime Environment (8.0_231-b11) (build 1.8.0_231-b11)
# Java VM: Java HotSpot(TM) 64-Bit Server VM (25.231-b11 mixed mode linux-amd64 compressed oops)
Heap:
 PSYoungGen      total 221184K, used 12768K [0x00000000d7780000, 0x00000000e5c00000, 0x0000000100000000)
  eden space 208384K, 0% used [0x00000000d7780000,0x00000000d7780000,0x00000000e4300000)
  from space 12800K, 99% used [0x00000000e4300000,0x00000000e4f78328,0x00000000e4f80000)
  to   space 11264K, 0% used [0x00000000e5100000,0x00000000e5100000,0x00000000e5c00000)
 ParOldGen       total 58368K, used 17029K [0x0000000086600000, 0x0000000089f00000, 0x00000000d7780000)
  object space 58368K, 29% used [0x0000000086600000,0x00000000876a1628,0x0000000089f00000)
 Metaspace       used 32956K, capacity 34396K, committed 34432K, reserved 1079296K
  class space    used 4403K, capacity 4720K, committed 4736K, reserved 1048576K
GC Heap History (10 events):
Event: 1,036 GC heap after
Heap after GC invocations=3 (full 0):
 PSYoungGen      total 67584K, used 5114K [0x00000000d7780000, 0x00000000dfb80000, 0x0000000100000000)
  eden space 62464K, 0% used [0x00000000d7780000,0x00000000d7780000,0x00000000db480000)
  from space 5120K, 99% used [0x00000000db480000,0x00000000db97ea08,0x00000000db980000)
  to   space 5120K, 0% used [0x00000000df680000,0x00000000df680000,0x00000000dfb80000)
 ParOldGen       total 83456K, used 5185K [0x0000000086600000, 0x000000008b780000, 0x00000000d7780000)
  object space 83456K, 6% used [0x0000000086600000,0x0000000086b10628,0x000000008b780000)
 Metaspace       used 16276K, capacity 16718K, committed 16896K, reserved 1064960K
  class space    used 2098K, capacity 2232K, committed 2304K, reserved 1048576K
}
Event: 1,915 GC heap before
{Heap before GC invocations=4 (full 0):
 PSYoungGen      total 67584K, used 47305K [0x00000000d7780000, 0x00000000dfb80000, 0x0000000100000000)
  eden space 62464K, 67% used [0x00000000d7780000,0x00000000da0b3bd0,0x00000000db480000)
  from space 5120K, 99% used [0x00000000db480000,0x00000000db97ea08,0x00000000db980000)
  to   space 5120K, 0% used [0x00000000df680000,0x00000000df680000,0x00000000dfb80000)
 ParOldGen       total 83456K, used 5185K [0x0000000086600000, 0x000000008b780000, 0x00000000d7780000)
  object space 83456K, 6% used [0x0000000086600000,0x0000000086b10628,0x000000008b780000)
 Metaspace       used 20573K, capacity 21242K, committed 21296K, reserved 1067008K
  class space    used 2734K, capacity 2920K, committed 2944K, reserved 1048576K
Event: 1,920 GC heap after
Heap after GC invocations=4 (full 0):
 PSYoungGen      total 130048K, used 5118K [0x00000000d7780000, 0x00000000dfb80000, 0x0000000100000000)
  eden space 124928K, 0% used [0x00000000d7780000,0x00000000d7780000,0x00000000df180000)
  from space 5120K, 99% used [0x00000000df680000,0x00000000dfb7faa0,0x00000000dfb80000)
  to   space 5120K, 0% used [0x00000000df180000,0x00000000df180000,0x00000000df680000)
 ParOldGen       total 83456K, used 11367K [0x0000000086600000, 0x000000008b780000, 0x00000000d7780000)
  object space 83456K, 13% used [0x0000000086600000,0x0000000087119ee8,0x000000008b780000)
 Metaspace       used 20573K, capacity 21242K, committed 21296K, reserved 1067008K
  class space    used 2734K, capacity 2920K, committed 2944K, reserved 1048576K
}
Event: 1,920 GC heap before
{Heap before GC invocations=5 (full 1):
 PSYoungGen      total 130048K, used 5118K [0x00000000d7780000, 0x00000000dfb80000, 0x0000000100000000)
  eden space 124928K, 0% used [0x00000000d7780000,0x00000000d7780000,0x00000000df180000)
  from space 5120K, 99% used [0x00000000df680000,0x00000000dfb7faa0,0x00000000dfb80000)
  to   space 5120K, 0% used [0x00000000df180000,0x00000000df180000,0x00000000df680000)
 ParOldGen       total 83456K, used 11367K [0x0000000086600000, 0x000000008b780000, 0x00000000d7780000)
  object space 83456K, 13% used [0x0000000086600000,0x0000000087119ee8,0x000000008b780000)
 Metaspace       used 20573K, capacity 21242K, committed 21296K, reserved 1067008K
  class space    used 2734K, capacity 2920K, committed 2944K, reserved 1048576K
Event: 1,939 GC heap after
Heap after GC invocations=5 (full 1):
 PSYoungGen      total 130048K, used 0K [0x00000000d7780000, 0x00000000dfb80000, 0x0000000100000000)
  eden space 124928K, 0% used [0x00000000d7780000,0x00000000d7780000,0x00000000df180000)
  from space 5120K, 0% used [0x00000000df680000,0x00000000df680000,0x00000000dfb80000)
  to   space 5120K, 0% used [0x00000000df180000,0x00000000df180000,0x00000000df680000)
 ParOldGen       total 58368K, used 10898K [0x0000000086600000, 0x0000000089f00000, 0x00000000d7780000)
  object space 58368K, 18% used [0x0000000086600000,0x00000000870a4b38,0x0000000089f00000)
 Metaspace       used 20573K, capacity 21242K, committed 21296K, reserved 1067008K
  class space    used 2734K, capacity 2920K, committed 2944K, reserved 1048576K
}
Event: 3,448 GC heap before
{Heap before GC invocations=6 (full 1):
 PSYoungGen      total 130048K, used 124928K [0x00000000d7780000, 0x00000000dfb80000, 0x0000000100000000)
  eden space 124928K, 100% used [0x00000000d7780000,0x00000000df180000,0x00000000df180000)
  from space 5120K, 0% used [0x00000000df680000,0x00000000df680000,0x00000000dfb80000)
  to   space 5120K, 0% used [0x00000000df180000,0x00000000df180000,0x00000000df680000)
 ParOldGen       total 58368K, used 10898K [0x0000000086600000, 0x0000000089f00000, 0x00000000d7780000)
  object space 58368K, 18% used [0x0000000086600000,0x00000000870a4b38,0x0000000089f00000)
 Metaspace       used 24781K, capacity 25676K, committed 25856K, reserved 1071104K
  class space    used 3331K, capacity 3544K, committed 3584K, reserved 1048576K
Event: 3,453 GC heap after
Heap after GC invocations=6 (full 1):
 PSYoungGen      total 130048K, used 5098K [0x00000000d7780000, 0x00000000e5d00000, 0x0000000100000000)
  eden space 124928K, 0% used [0x00000000d7780000,0x00000000d7780000,0x00000000df180000)
  from space 5120K, 99% used [0x00000000df180000,0x00000000df67a9f0,0x00000000df680000)
  to   space 12288K, 0% used [0x00000000e5100000,0x00000000e5100000,0x00000000e5d00000)
 ParOldGen       total 58368K, used 12485K [0x0000000086600000, 0x0000000089f00000, 0x00000000d7780000)
  object space 58368K, 21% used [0x0000000086600000,0x0000000087231518,0x0000000089f00000)
 Metaspace       used 24781K, capacity 25676K, committed 25856K, reserved 1071104K
  class space    used 3331K, capacity 3544K, committed 3584K, reserved 1048576K
}
Event: 3,853 GC heap before
{Heap before GC invocations=7 (full 1):
 PSYoungGen      total 130048K, used 130026K [0x00000000d7780000, 0x00000000e5d00000, 0x0000000100000000)
  eden space 124928K, 100% used [0x00000000d7780000,0x00000000df180000,0x00000000df180000)
  from space 5120K, 99% used [0x00000000df180000,0x00000000df67a9f0,0x00000000df680000)
  to   space 12288K, 0% used [0x00000000e5100000,0x00000000e5100000,0x00000000e5d00000)
 ParOldGen       total 58368K, used 12485K [0x0000000086600000, 0x0000000089f00000, 0x00000000d7780000)
  object space 58368K, 21% used [0x0000000086600000,0x0000000087231518,0x0000000089f00000)
 Metaspace       used 27669K, capacity 28644K, committed 28800K, reserved 1075200K
  class space    used 3739K, capacity 3955K, committed 3968K, reserved 1048576K
Event: 3,859 GC heap after
Heap after GC invocations=7 (full 1):
 PSYoungGen      total 219648K, used 9106K [0x00000000d7780000, 0x00000000e5c00000, 0x0000000100000000)
  eden space 208384K, 0% used [0x00000000d7780000,0x00000000d7780000,0x00000000e4300000)
  from space 11264K, 80% used [0x00000000e5100000,0x00000000e59e4a70,0x00000000e5c00000)
  to   space 12800K, 0% used [0x00000000e4300000,0x00000000e4300000,0x00000000e4f80000)
 ParOldGen       total 58368K, used 12493K [0x0000000086600000, 0x0000000089f00000, 0x00000000d7780000)
  object space 58368K, 21% used [0x0000000086600000,0x0000000087233518,0x0000000089f00000)
 Metaspace       used 27669K, capacity 28644K, committed 28800K, reserved 1075200K
  class space    used 3739K, capacity 3955K, committed 3968K, reserved 1048576K
}
Event: 5,878 GC heap before
{Heap before GC invocations=8 (full 1):
 PSYoungGen      total 219648K, used 217490K [0x00000000d7780000, 0x00000000e5c00000, 0x0000000100000000)
  eden space 208384K, 100% used [0x00000000d7780000,0x00000000e4300000,0x00000000e4300000)
  from space 11264K, 80% used [0x00000000e5100000,0x00000000e59e4a70,0x00000000e5c00000)
  to   space 12800K, 0% used [0x00000000e4300000,0x00000000e4300000,0x00000000e4f80000)
 ParOldGen       total 58368K, used 12493K [0x0000000086600000, 0x0000000089f00000, 0x00000000d7780000)
  object space 58368K, 21% used [0x0000000086600000,0x0000000087233518,0x0000000089f00000)
 Metaspace       used 32956K, capacity 34396K, committed 34432K, reserved 1079296K
  class space    used 4403K, capacity 4720K, committed 4736K, reserved 1048576K

