# JRE version: Java(TM) SE Runtime Environment (8.0_231-b11) (build 1.8.0_231-b11)
# Java VM: Java HotSpot(TM) 64-Bit Server VM (25.231-b11 mixed mode linux-amd64 compressed oops)
Heap:
 PSYoungGen      total 238592K, used 9184K [0x00000000d7780000, 0x00000000e7780000, 0x0000000100000000)
  eden space 229376K, 0% used [0x00000000d7780000,0x00000000d7780000,0x00000000e5780000)
  from space 9216K, 99% used [0x00000000e6580000,0x00000000e6e78030,0x00000000e6e80000)
  to   space 6144K, 0% used [0x00000000e7180000,0x00000000e7180000,0x00000000e7780000)
 ParOldGen       total 43520K, used 11660K [0x0000000086600000, 0x0000000089080000, 0x00000000d7780000)
  object space 43520K, 26% used [0x0000000086600000,0x0000000087163268,0x0000000089080000)
 Metaspace       used 32356K, capacity 34256K, committed 34432K, reserved 1079296K
  class space    used 4342K, capacity 4702K, committed 4736K, reserved 1048576K
GC Heap History (10 events):
Event: 2,188 GC heap after
Heap after GC invocations=5 (full 0):
 PSYoungGen      total 67584K, used 5111K [0x00000000d7780000, 0x00000000e0080000, 0x0000000100000000)
  eden space 62464K, 0% used [0x00000000d7780000,0x00000000d7780000,0x00000000db480000)
  from space 5120K, 99% used [0x00000000db480000,0x00000000db97df30,0x00000000db980000)
  to   space 7680K, 0% used [0x00000000df900000,0x00000000df900000,0x00000000e0080000)
 ParOldGen       total 83456K, used 2974K [0x0000000086600000, 0x000000008b780000, 0x00000000d7780000)
  object space 83456K, 3% used [0x0000000086600000,0x00000000868e78f0,0x000000008b780000)
 Metaspace       used 16414K, capacity 16996K, committed 17280K, reserved 1064960K
  class space    used 2184K, capacity 2355K, committed 2432K, reserved 1048576K
}
Event: 2,366 GC heap before
{Heap before GC invocations=6 (full 0):
 PSYoungGen      total 67584K, used 53378K [0x00000000d7780000, 0x00000000e0080000, 0x0000000100000000)
  eden space 62464K, 77% used [0x00000000d7780000,0x00000000da6a2c58,0x00000000db480000)
  from space 5120K, 99% used [0x00000000db480000,0x00000000db97df30,0x00000000db980000)
  to   space 7680K, 0% used [0x00000000df900000,0x00000000df900000,0x00000000e0080000)
 ParOldGen       total 83456K, used 2974K [0x0000000086600000, 0x000000008b780000, 0x00000000d7780000)
  object space 83456K, 3% used [0x0000000086600000,0x00000000868e78f0,0x000000008b780000)
 Metaspace       used 20503K, capacity 21254K, committed 21376K, reserved 1067008K
  class space    used 2679K, capacity 2872K, committed 2944K, reserved 1048576K
Event: 2,372 GC heap after
Heap after GC invocations=6 (full 0):
 PSYoungGen      total 131072K, used 7657K [0x00000000d7780000, 0x00000000e0380000, 0x0000000100000000)
  eden space 123392K, 0% used [0x00000000d7780000,0x00000000d7780000,0x00000000df000000)
  from space 7680K, 99% used [0x00000000df900000,0x00000000e007a7d8,0x00000000e0080000)
  to   space 9216K, 0% used [0x00000000df000000,0x00000000df000000,0x00000000df900000)
 ParOldGen       total 83456K, used 4338K [0x0000000086600000, 0x000000008b780000, 0x00000000d7780000)
  object space 83456K, 5% used [0x0000000086600000,0x0000000086a3cbd8,0x000000008b780000)
 Metaspace       used 20503K, capacity 21254K, committed 21376K, reserved 1067008K
  class space    used 2679K, capacity 2872K, committed 2944K, reserved 1048576K
}
Event: 2,391 GC heap before
{Heap before GC invocations=7 (full 0):
 PSYoungGen      total 131072K, used 12177K [0x00000000d7780000, 0x00000000e0380000, 0x0000000100000000)
  eden space 123392K, 3% used [0x00000000d7780000,0x00000000d7be9db8,0x00000000df000000)
  from space 7680K, 99% used [0x00000000df900000,0x00000000e007a7d8,0x00000000e0080000)
  to   space 9216K, 0% used [0x00000000df000000,0x00000000df000000,0x00000000df900000)
 ParOldGen       total 83456K, used 4338K [0x0000000086600000, 0x000000008b780000, 0x00000000d7780000)
  object space 83456K, 5% used [0x0000000086600000,0x0000000086a3cbd8,0x000000008b780000)
 Metaspace       used 20829K, capacity 21516K, committed 21628K, reserved 1069056K
  class space    used 2725K, capacity 2919K, committed 2944K, reserved 1048576K
Event: 2,398 GC heap after
Heap after GC invocations=7 (full 0):
 PSYoungGen      total 132608K, used 3532K [0x00000000d7780000, 0x00000000e7a80000, 0x0000000100000000)
  eden space 123392K, 0% used [0x00000000d7780000,0x00000000d7780000,0x00000000df000000)
  from space 9216K, 38% used [0x00000000df000000,0x00000000df373038,0x00000000df900000)
  to   space 9216K, 0% used [0x00000000e7180000,0x00000000e7180000,0x00000000e7a80000)
 ParOldGen       total 83456K, used 6644K [0x0000000086600000, 0x000000008b780000, 0x00000000d7780000)
  object space 83456K, 7% used [0x0000000086600000,0x0000000086c7d3e8,0x000000008b780000)
 Metaspace       used 20829K, capacity 21516K, committed 21628K, reserved 1069056K
  class space    used 2725K, capacity 2919K, committed 2944K, reserved 1048576K
}
Event: 2,398 GC heap before
{Heap before GC invocations=8 (full 1):
 PSYoungGen      total 132608K, used 3532K [0x00000000d7780000, 0x00000000e7a80000, 0x0000000100000000)
  eden space 123392K, 0% used [0x00000000d7780000,0x00000000d7780000,0x00000000df000000)
  from space 9216K, 38% used [0x00000000df000000,0x00000000df373038,0x00000000df900000)
  to   space 9216K, 0% used [0x00000000e7180000,0x00000000e7180000,0x00000000e7a80000)
 ParOldGen       total 83456K, used 6644K [0x0000000086600000, 0x000000008b780000, 0x00000000d7780000)
  object space 83456K, 7% used [0x0000000086600000,0x0000000086c7d3e8,0x000000008b780000)
 Metaspace       used 20829K, capacity 21516K, committed 21628K, reserved 1069056K
  class space    used 2725K, capacity 2919K, committed 2944K, reserved 1048576K
Event: 2,432 GC heap after
Heap after GC invocations=8 (full 1):
 PSYoungGen      total 132608K, used 0K [0x00000000d7780000, 0x00000000e7a80000, 0x0000000100000000)
  eden space 123392K, 0% used [0x00000000d7780000,0x00000000d7780000,0x00000000df000000)
  from space 9216K, 0% used [0x00000000df000000,0x00000000df000000,0x00000000df900000)
  to   space 9216K, 0% used [0x00000000e7180000,0x00000000e7180000,0x00000000e7a80000)
 ParOldGen       total 43520K, used 5637K [0x0000000086600000, 0x0000000089080000, 0x00000000d7780000)
  object space 43520K, 12% used [0x0000000086600000,0x0000000086b81510,0x0000000089080000)
 Metaspace       used 20828K, capacity 21510K, committed 21628K, reserved 1069056K
  class space    used 2724K, capacity 2918K, committed 2944K, reserved 1048576K
}
Event: 3,098 GC heap before
{Heap before GC invocations=9 (full 1):
 PSYoungGen      total 132608K, used 123392K [0x00000000d7780000, 0x00000000e7a80000, 0x0000000100000000)
  eden space 123392K, 100% used [0x00000000d7780000,0x00000000df000000,0x00000000df000000)
  from space 9216K, 0% used [0x00000000df000000,0x00000000df000000,0x00000000df900000)
  to   space 9216K, 0% used [0x00000000e7180000,0x00000000e7180000,0x00000000e7a80000)
 ParOldGen       total 43520K, used 5637K [0x0000000086600000, 0x0000000089080000, 0x00000000d7780000)
  object space 43520K, 12% used [0x0000000086600000,0x0000000086b81510,0x0000000089080000)
 Metaspace       used 24387K, capacity 25344K, committed 25600K, reserved 1071104K
  class space    used 3237K, capacity 3480K, committed 3584K, reserved 1048576K
Event: 3,103 GC heap after
Heap after GC invocations=9 (full 1):
 PSYoungGen      total 235520K, used 5644K [0x00000000d7780000, 0x00000000e7780000, 0x0000000100000000)
  eden space 229376K, 0% used [0x00000000d7780000,0x00000000d7780000,0x00000000e5780000)
  from space 6144K, 91% used [0x00000000e7180000,0x00000000e7703088,0x00000000e7780000)
  to   space 9216K, 0% used [0x00000000e6580000,0x00000000e6580000,0x00000000e6e80000)
 ParOldGen       total 43520K, used 5645K [0x0000000086600000, 0x0000000089080000, 0x00000000d7780000)
  object space 43520K, 12% used [0x0000000086600000,0x0000000086b83510,0x0000000089080000)
 Metaspace       used 24387K, capacity 25344K, committed 25600K, reserved 1071104K
  class space    used 3237K, capacity 3480K, committed 3584K, reserved 1048576K
}
Event: 4,308 GC heap before
{Heap before GC invocations=10 (full 1):
 PSYoungGen      total 235520K, used 235020K [0x00000000d7780000, 0x00000000e7780000, 0x0000000100000000)
  eden space 229376K, 100% used [0x00000000d7780000,0x00000000e5780000,0x00000000e5780000)
  from space 6144K, 91% used [0x00000000e7180000,0x00000000e7703088,0x00000000e7780000)
  to   space 9216K, 0% used [0x00000000e6580000,0x00000000e6580000,0x00000000e6e80000)
 ParOldGen       total 43520K, used 5645K [0x0000000086600000, 0x0000000089080000, 0x00000000d7780000)
  object space 43520K, 12% used [0x0000000086600000,0x0000000086b83510,0x0000000089080000)
 Metaspace       used 32356K, capacity 34256K, committed 34432K, reserved 1079296K
  class space    used 4342K, capacity 4702K, committed 4736K, reserved 1048576K

